<?xml version="1.0" encoding="UTF-8"?>
<!-- Generated by org.testng.reporters.JUnitReportReporter -->
<testsuite hostname="DESKTOP-FHVTEQ5" name="Com.cjc.Testcases.Testcase" tests="1" failures="0" timestamp="5 Aug 2021 06:32:02 GMT" time="2.830" errors="0">
  <testcase name="loginverify" time="2.830" classname="Com.cjc.Testcases.Testcase"/>
</testsuite> <!-- Com.cjc.Testcases.Testcase -->
